Meeting/app/build/outputs/mapping/release/seeds.txt
cn.com.meeting.drm.R$anim: int accelerate_interpolator
cn.com.meeting.drm.R$anim: int activity_music_close
cn.com.meeting.drm.R$anim: int activity_music_open
cn.com.meeting.drm.R$anim: int activity_scale_down_enter
cn.com.meeting.drm.R$anim: int activity_scale_down_exit
cn.com.meeting.drm.R$anim: int activity_scale_up_enter
cn.com.meeting.drm.R$anim: int activity_scale_up_exit
cn.com.meeting.drm.R$anim: int alp_info
cn.com.meeting.drm.R$anim: int alpha_trans_in
cn.com.meeting.drm.R$anim: int d_close
cn.com.meeting.drm.R$anim: int d_open
cn.com.meeting.drm.R$anim: int decelerate_interpolator
cn.com.meeting.drm.R$anim: int dialog_enter
cn.com.meeting.drm.R$anim: int dialog_exit
cn.com.meeting.drm.R$anim: int dialog_tv_off
cn.com.meeting.drm.R$anim: int dialog_tv_on
cn.com.meeting.drm.R$anim: int fade_in_scale
cn.com.meeting.drm.R$anim: int fade_out_scale
cn.com.meeting.drm.R$anim: int info_alpha
cn.com.meeting.drm.R$anim: int list_item_anim_layout
cn.com.meeting.drm.R$anim: int push_bottom_in
cn.com.meeting.drm.R$anim: int push_bottom_out
cn.com.meeting.drm.R$anim: int pw_info_dismiss
cn.com.meeting.drm.R$anim: int pw_info_show
cn.com.meeting.drm.R$anim: int slide_top_alpha_anim
cn.com.meeting.drm.R$anim: int trans_x_in
cn.com.meeting.drm.R$anim: int trans_x_out
cn.com.meeting.drm.R$anim: int translucent_zoom_exit
cn.com.meeting.drm.R$anim: int translucent_zoom_out
cn.com.meeting.drm.R$attr: int above_wave_color
cn.com.meeting.drm.R$attr: int absListViewStyle
cn.com.meeting.drm.R$attr: int accessibilityFocusable
cn.com.meeting.drm.R$attr: int addStatesFromChildren
cn.com.meeting.drm.R$attr: int alpha
cn.com.meeting.drm.R$attr: int alwaysDrawnWithCache
cn.com.meeting.drm.R$attr: int animateLayoutChanges
cn.com.meeting.drm.R$attr: int animationCache
cn.com.meeting.drm.R$attr: int blow_wave_color
cn.com.meeting.drm.R$attr: int buttonColor
cn.com.meeting.drm.R$attr: int cacheColorHint
cn.com.meeting.drm.R$attr: int choiceMode
cn.com.meeting.drm.R$attr: int clickable
cn.com.meeting.drm.R$attr: int clipChildren
cn.com.meeting.drm.R$attr: int clipToPadding
cn.com.meeting.drm.R$attr: int contentDescription
cn.com.meeting.drm.R$attr: int cornerRadius
cn.com.meeting.drm.R$attr: int defaultScreen
cn.com.meeting.drm.R$attr: int descendantFocusability
cn.com.meeting.drm.R$attr: int dividerHeight
cn.com.meeting.drm.R$attr: int drawSelectorOnTop
cn.com.meeting.drm.R$attr: int drawingCacheQuality
cn.com.meeting.drm.R$attr: int duplicateParentState
cn.com.meeting.drm.R$attr: int fadeScrollbars
cn.com.meeting.drm.R$attr: int fadingEdge
cn.com.meeting.drm.R$attr: int fadingEdgeLength
cn.com.meeting.drm.R$attr: int fastScrollAlwaysVisible
cn.com.meeting.drm.R$attr: int fastScrollEnabled
cn.com.meeting.drm.R$attr: int filterTouchesWhenObscured
cn.com.meeting.drm.R$attr: int fitsSystemWindows
...
android.support.v4.app.Fragment$1
android.support.v4.app.Fragment$1: android.support.v4.app.Fragment this$0
android.support.v4.app.Fragment$1: Fragment$1(android.support.v4.app.Fragment)
android.support.v4.app.Fragment$1: android.view.View onFindViewById(int)
android.support.v4.app.Fragment$1: boolean onHasView()
android.support.v4.app.Fragment$InstantiationException
android.support.v4.app.Fragment$InstantiationException: Fragment$InstantiationException(java.lang.String,java.lang.Exception)
android.support.v4.app.Fragment$SavedState
android.support.v4.app.Fragment$SavedState: android.os.Bundle mState
android.support.v4.app.Fragment$SavedState: android.os.Parcelable$Creator CREATOR
android.support.v4.app.Fragment$SavedState: Fragment$SavedState(android.os.Bundle)
android.support.v4.app.Fragment$SavedState: Fragment$SavedState(android.os.Parcel,java.lang.ClassLoader)
android.support.v4.app.Fragment$SavedState: int describeContents()
android.support.v4.app.Fragment$SavedState: void writeToParcel(android.os.Parcel,int)
android.support.v4.app.Fragment$SavedState: void <clinit>()
android.support.v4.app.Fragment$SavedState$1
android.support.v4.app.Fragment$SavedState$1: Fragment$SavedState$1()
android.support.v4.app.Fragment$SavedState$1: android.support.v4.app.Fragment$SavedState createFromParcel(android.os.Parcel)
android.support.v4.app.Fragment$SavedState$1: android.support.v4.app.Fragment$SavedState[] newArray(int)
android.support.v4.app.Fragment$SavedState$1: java.lang.Object[] newArray(int)
android.support.v4.app.Fragment$SavedState$1: java.lang.Object createFromParcel(android.os.Parcel)
android.support.v4.app.FragmentActivity
android.support.v4.app.FragmentActivity: java.lang.String TAG
android.support.v4.app.FragmentActivity: java.lang.String FRAGMENTS_TAG
android.support.v4.app.FragmentActivity: int HONEYCOMB
android.support.v4.app.FragmentActivity: int MSG_REALLY_STOPPED
android.support.v4.app.FragmentActivity: int MSG_RESUME_PENDING
android.support.v4.app.FragmentActivity: android.os.Handler mHandler
android.support.v4.app.FragmentActivity: android.support.v4.app.FragmentController mFragments
android.support.v4.app.FragmentActivity: boolean mCreated
android.support.v4.app.FragmentActivity: boolean mResumed
android.support.v4.app.FragmentActivity: boolean mStopped
android.support.v4.app.FragmentActivity: boolean mReallyStopped
android.support.v4.app.FragmentActivity: boolean mRetaining
android.support.v4.app.FragmentActivity: boolean mOptionsMenuInvalidated
android.support.v4.app.FragmentActivity: boolean mRequestedPermissionsFromFragment
android.support.v4.app.FragmentActivity: android.support.v4.media.session.MediaControllerCompat mMediaController
android.support.v4.app.FragmentActivity: FragmentActivity()
android.support.v4.app.FragmentActivity: void onActivityResult(int,int,android.content.Intent)
android.support.v4.app.FragmentActivity: void onBackPressed()
android.support.v4.app.FragmentActivity: void setSupportMediaController(android.support.v4.media.session.MediaControllerCompat)
android.support.v4.app.FragmentActivity$1
android.support.v4.app.FragmentActivity$1: android.support.v4.app.FragmentActivity this$0
android.support.v4.app.FragmentActivity$1: FragmentActivity$1(android.support.v4.app.FragmentActivity)
android.support.v4.app.FragmentActivity$1: void handleMessage(android.os.Message)