Meeting/app/build/outputs/mapping/release/mapping.txt
cn.com.meeting.drm.R -> cn.com.a.a.a:
cn.com.meeting.drm.R$styleable -> cn.com.a.a.a$a:
    int[] AVLoadingIndicatorView -> AVLoadingIndicatorView
    int AVLoadingIndicatorView_indicator -> AVLoadingIndicatorView_indicator
    int AVLoadingIndicatorView_indicator_color -> AVLoadingIndicatorView_indicator_color
    int[] AbsListView -> AbsListView
    int AbsListView_cacheColorHint -> AbsListView_cacheColorHint
    int AbsListView_choiceMode -> AbsListView_choiceMode
    int AbsListView_drawSelectorOnTop -> AbsListView_drawSelectorOnTop
    int AbsListView_fastScrollAlwaysVisible -> AbsListView_fastScrollAlwaysVisible
    int AbsListView_fastScrollEnabled -> AbsListView_fastScrollEnabled
    int AbsListView_listSelector -> AbsListView_listSelector
    int AbsListView_scrollingCache -> AbsListView_scrollingCache
    int AbsListView_smoothScrollbar -> AbsListView_smoothScrollbar
    int AbsListView_stackFromBottom -> AbsListView_stackFromBottom
    int AbsListView_textFilterEnabled -> AbsListView_textFilterEnabled
    int AbsListView_transcriptMode -> AbsListView_transcriptMode
    int[] FlatButton -> FlatButton
    int FlatButton_buttonColor -> FlatButton_buttonColor
    int FlatButton_cornerRadius -> FlatButton_cornerRadius
    int FlatButton_shadowColor -> FlatButton_shadowColor
    int FlatButton_shadowEnabled -> FlatButton_shadowEnabled
    int FlatButton_shadowHeight -> FlatButton_shadowHeight
    int[] FlingGalleryView -> FlingGalleryView
...
org.bouncycastle.jce.interfaces.GOST3410Key -> org.bouncycastle.jce.interfaces.GOST3410Key:
    org.bouncycastle.jce.interfaces.GOST3410Params getParameters() -> getParameters
org.bouncycastle.jce.interfaces.GOST3410Params -> org.bouncycastle.jce.interfaces.GOST3410Params:
    java.lang.String getPublicKeyParamSetOID() -> getPublicKeyParamSetOID
    java.lang.String getDigestParamSetOID() -> getDigestParamSetOID
    java.lang.String getEncryptionParamSetOID() -> getEncryptionParamSetOID
    org.bouncycastle.jce.spec.GOST3410PublicKeyParameterSetSpec getPublicKeyParameters() -> getPublicKeyParameters
org.bouncycastle.jce.interfaces.GOST3410PrivateKey -> org.bouncycastle.jce.interfaces.GOST3410PrivateKey:
    java.math.BigInteger getX() -> getX
org.bouncycastle.jce.interfaces.GOST3410PublicKey -> org.bouncycastle.jce.interfaces.GOST3410PublicKey:
    java.math.BigInteger getY() -> getY
org.bouncycastle.jce.interfaces.IESKey -> org.bouncycastle.jce.interfaces.IESKey:
    java.security.PublicKey getPublic() -> getPublic
    java.security.PrivateKey getPrivate() -> getPrivate
org.bouncycastle.jce.interfaces.PKCS12BagAttributeCarrier -> org.bouncycastle.jce.interfaces.PKCS12BagAttributeCarrier:
    void setBagAttribute(org.bouncycastle.asn1.DERObjectIdentifier,org.bouncycastle.asn1.DEREncodable) -> setBagAttribute
    org.bouncycastle.asn1.DEREncodable getBagAttribute(org.bouncycastle.asn1.DERObjectIdentifier) -> getBagAttribute
    java.util.Enumeration getBagAttributeKeys() -> getBagAttributeKeys
org.bouncycastle.jce.netscape.NetscapeCertRequest -> org.bouncycastle.jce.netscape.NetscapeCertRequest:
    org.bouncycastle.asn1.x509.AlgorithmIdentifier sigAlg -> sigAlg
    org.bouncycastle.asn1.x509.AlgorithmIdentifier keyAlg -> keyAlg
    byte[] sigBits -> sigBits
    java.lang.String challenge -> challenge
    org.bouncycastle.asn1.DERBitString content -> content
    java.security.PublicKey pubkey -> pubkey
    org.bouncycastle.asn1.ASN1Sequence getReq(byte[]) -> getReq
    void <init>(byte[]) -> <init>
    void <init>(org.bouncycastle.asn1.ASN1Sequence) -> <init>
    void <init>(java.lang.String,org.bouncycastle.asn1.x509.AlgorithmIdentifier,java.security.PublicKey) -> <init>
    java.lang.String getChallenge() -> getChallenge
    void setChallenge(java.lang.String) -> setChallenge
    org.bouncycastle.asn1.x509.AlgorithmIdentifier getSigningAlgorithm() -> getSigningAlgorithm
    void setSigningAlgorithm(org.bouncycastle.asn1.x509.AlgorithmIdentifier) -> setSigningAlgorithm
    org.bouncycastle.asn1.x509.AlgorithmIdentifier getKeyAlgorithm() -> getKeyAlgorithm
    void setKeyAlgorithm(org.bouncycastle.asn1.x509.AlgorithmIdentifier) -> setKeyAlgorithm
    java.security.PublicKey getPublicKey() -> getPublicKey
    void setPublicKey(java.security.PublicKey) -> setPublicKey
    boolean verify(java.lang.String) -> verify
    void sign(java.security.PrivateKey) -> sign
    void sign(java.security.PrivateKey,java.security.SecureRandom) -> sign
org.bouncycastle.jce.provider.AnnotatedException -> org.bouncycastle.jce.provider.AnnotatedException:
    java.lang.Throwable _underlyingException -> _underlyingException
    void <init>(java.lang.String,java.lang.Throwable) -> <init>
    void <init>(java.lang.String) -> <init>
    java.lang.Throwable getUnderlyingException() -> getUnderlyingException
    java.lang.Throwable getCause() -> getCause