Meeting/app/build/outputs/mapping/release/usage.txt
cn.com.meeting.drm.BuildConfig
cn.com.meeting.drm.Manifest
cn.com.meeting.drm.Manifest$permission
cn.com.meeting.drm.R:
    10:2608:public R()
cn.com.meeting.drm.R$anim
cn.com.meeting.drm.R$attr
cn.com.meeting.drm.R$color
cn.com.meeting.drm.R$dimen
cn.com.meeting.drm.R$drawable
cn.com.meeting.drm.R$id
cn.com.meeting.drm.R$layout
cn.com.meeting.drm.R$menu
cn.com.meeting.drm.R$raw
cn.com.meeting.drm.R$string
cn.com.meeting.drm.R$style
cn.com.meeting.drm.R$styleable:
    2608:2608:public R$styleable()
cn.com.meeting.drm.R$xml
...
com.google.zxing.qrcode.encoder.Encoder
com.google.zxing.qrcode.encoder.Encoder$1
com.google.zxing.qrcode.encoder.MaskUtil
com.google.zxing.qrcode.encoder.MatrixUtil
com.google.zxing.qrcode.encoder.QRCode
com.indicators.view.adapter.RecyclingPagerAdapter:
    static final int IGNORE_ITEM_VIEW_TYPE
com.indicators.view.indicator.FixedIndicatorView:
    public static final int SPLITMETHOD_EQUALS
    public static final int SPLITMETHOD_WEIGHT
    public static final int SPLITMETHOD_WRAP
com.indicators.view.indicator.FragmentListPageAdapter:
    private static final java.lang.String TAG
    private static final boolean DEBUG
com.indicators.view.indicator.Indicator:
    public abstract com.indicators.view.indicator.Indicator$OnItemSelectedListener getOnItemSelectListener()
    public abstract void setOnTransitionListener(com.indicators.view.indicator.Indicator$OnTransitionListener)
    public abstract com.indicators.view.indicator.Indicator$OnTransitionListener getOnTransitionListener()
    public abstract void setScrollBar(com.indicators.view.indicator.slidebar.ScrollBar)
    public abstract com.indicators.view.indicator.Indicator$IndicatorAdapter getAdapter()
    public abstract void setCurrentItem(int)
    public abstract android.view.View getItemView(int)
    public abstract int getCurrentItem()
com.indicators.view.indicator.IndicatorViewPager:
    36:36:public com.indicators.view.indicator.IndicatorViewPager$OnIndicatorPageChangeListener getOnIndicatorPageChangeListener()
    73:73:public int getCurrentItem()
    77:77:public com.indicators.view.indicator.Indicator getIndicatorView()
    81:81:public android.support.v4.view.ViewPager getViewPager()
    85:85:public com.indicators.view.indicator.IndicatorViewPager$IndicatorPagerAdapter getAdapter()
    92:95:public void notifyDataSetChanged()
com.indicators.view.indicator.IndicatorViewPager$IndicatorPagerAdapter:
    public abstract void notifyDataSetChanged()
com.indicators.view.indicator.IndicatorViewPager$IndicatorViewPagerAdapter
com.indicators.view.indicator.IndicatorViewPager$IndicatorViewPagerAdapter$1
com.indicators.view.indicator.IndicatorViewPager$IndicatorViewPagerAdapter$2
com.indicators.view.indicator.ScrollIndicatorView:
    150:150:public android.view.View getItemView(int)
com.indicators.view.indicator.slidebar.ColorBar:
    27:27:public int getColor()
    31:33:public void setColor(int)
    36:37:public void setHeight(int)
    48:49:public void setWidth(int)
    70:71:public void setGravity(com.indicators.view.indicator.slidebar.ScrollBar$Gravity)
com.indicators.view.indicator.slidebar.DrawableBar
com.indicators.view.indicator.slidebar.LayoutBar
com.indicators.view.indicator.transition.OnTransitionTextListener:
    18:35:public OnTransitionTextListener(float,float,int,int)
    38:42:public final com.indicators.view.indicator.transition.OnTransitionTextListener setSize(float,float)
    47:49:public final com.indicators.view.indicator.transition.OnTransitionTextListener setValueFromRes(android.content.Context,int,int,int,int)
    59:62:public final com.indicators.view.indicator.transition.OnTransitionTextListener setSizeId(android.content.Context,int,int)
com.indicators.view.utils.ColorGradient:
    45:45:public int getColor1()
    49:49:public int getColor2()
    53:53:public int getCount()
com.jcodecraeer.xrecyclerview.BaseRefreshHeader
com.jcodecraeer.xrecyclerview.JellyView:
    95:95:public void refreshComplate()
    99:102:public void onMove(float)
    106:106:public boolean releaseAction()
com.jcodecraeer.xrecyclerview.LoadingMoreFooter:
    public static final int STATE_LAODING
    public static final int STATE_COMPLETE
    public static final int STATE_NOMORE
com.jcodecraeer.xrecyclerview.ProgressStyle